<?xml version="1.0" encoding="UTF-8"?>
<testsuite xmlns:xsi="http://www.w3.org/2001/XMLSchema-instance" xsi:noNamespaceSchemaLocation="https://maven.apache.org/surefire/maven-surefire-plugin/xsd/surefire-test-report.xsd" version="3.0.2" name="com.humanlegion.pagetests.TestHomePage" time="21.889" tests="8" errors="0" skipped="0" failures="0">
  <properties>
    <property name="java.specification.version" value="21"/>
    <property name="sun.cpu.isalist" value="amd64"/>
    <property name="sun.jnu.encoding" value="Cp1252"/>
    <property name="java.class.path" value="D:\Coding\SeleniumShowcase\target\test-classes;D:\Coding\SeleniumShowcase\target\classes;D:\Systemp\Maven\Repository\org\apache\maven\plugins\maven-failsafe-plugin\3.5.2\maven-failsafe-plugin-3.5.2.jar;D:\Systemp\Maven\Repository\org\apache\maven\surefire\surefire-api\3.5.2\surefire-api-3.5.2.jar;D:\Systemp\Maven\Repository\org\apache\maven\surefire\surefire-logger-api\3.5.2\surefire-logger-api-3.5.2.jar;D:\Systemp\Maven\Repository\org\apache\maven\surefire\surefire-booter\3.5.2\surefire-booter-3.5.2.jar;D:\Systemp\Maven\Repository\org\apache\maven\surefire\surefire-extensions-spi\3.5.2\surefire-extensions-spi-3.5.2.jar;D:\Systemp\Maven\Repository\org\apache\maven\surefire\surefire-extensions-api\3.5.2\surefire-extensions-api-3.5.2.jar;D:\Systemp\Maven\Repository\org\apache\maven\surefire\surefire-shared-utils\3.5.2\surefire-shared-utils-3.5.2.jar;D:\Systemp\Maven\Repository\org\apache\maven\surefire\maven-surefire-common\3.5.2\maven-surefire-common-3.5.2.jar;D:\Systemp\Maven\Repository\org\apache\maven\resolver\maven-resolver-util\1.4.1\maven-resolver-util-1.4.1.jar;D:\Systemp\Maven\Repository\org\apache\maven\resolver\maven-resolver-api\1.4.1\maven-resolver-api-1.4.1.jar;D:\Systemp\Maven\Repository\org\apache\maven\shared\maven-common-artifact-filters\3.4.0\maven-common-artifact-filters-3.4.0.jar;D:\Systemp\Maven\Repository\org\slf4j\slf4j-api\1.7.36\slf4j-api-1.7.36.jar;D:\Systemp\Maven\Repository\org\codehaus\plexus\plexus-java\1.3.0\plexus-java-1.3.0.jar;D:\Systemp\Maven\Repository\org\ow2\asm\asm\9.7\asm-9.7.jar;D:\Systemp\Maven\Repository\com\thoughtworks\qdox\qdox\2.1.0\qdox-2.1.0.jar;D:\Systemp\Maven\Repository\org\seleniumhq\selenium\selenium-devtools-v130\4.28.1\selenium-devtools-v130-4.28.1.jar;D:\Systemp\Maven\Repository\com\google\auto\service\auto-service-annotations\1.1.1\auto-service-annotations-1.1.1.jar;D:\Systemp\Maven\Repository\org\seleniumhq\selenium\selenium-json\4.28.1\selenium-json-4.28.1.jar;D:\Systemp\Maven\Repository\org\seleniumhq\selenium\selenium-remote-driver\4.28.1\selenium-remote-driver-4.28.1.jar;D:\Systemp\Maven\Repository\com\google\guava\guava\33.4.0-jre\guava-33.4.0-jre.jar;D:\Systemp\Maven\Repository\com\google\guava\failureaccess\1.0.2\failureaccess-1.0.2.jar;D:\Systemp\Maven\Repository\com\google\guava\listenablefuture\9999.0-empty-to-avoid-conflict-with-guava\listenablefuture-9999.0-empty-to-avoid-conflict-with-guava.jar;D:\Systemp\Maven\Repository\com\google\code\findbugs\jsr305\3.0.2\jsr305-3.0.2.jar;D:\Systemp\Maven\Repository\org\checkerframework\checker-qual\3.43.0\checker-qual-3.43.0.jar;D:\Systemp\Maven\Repository\com\google\errorprone\error_prone_annotations\2.36.0\error_prone_annotations-2.36.0.jar;D:\Systemp\Maven\Repository\com\google\j2objc\j2objc-annotations\3.0.0\j2objc-annotations-3.0.0.jar;D:\Systemp\Maven\Repository\io\opentelemetry\semconv\opentelemetry-semconv\1.28.0-alpha\opentelemetry-semconv-1.28.0-alpha.jar;D:\Systemp\Maven\Repository\io\opentelemetry\opentelemetry-api\1.46.0\opentelemetry-api-1.46.0.jar;D:\Systemp\Maven\Repository\io\opentelemetry\opentelemetry-context\1.46.0\opentelemetry-context-1.46.0.jar;D:\Systemp\Maven\Repository\io\opentelemetry\opentelemetry-exporter-logging\1.46.0\opentelemetry-exporter-logging-1.46.0.jar;D:\Systemp\Maven\Repository\io\opentelemetry\opentelemetry-sdk-common\1.46.0\opentelemetry-sdk-common-1.46.0.jar;D:\Systemp\Maven\Repository\io\opentelemetry\opentelemetry-sdk-extension-autoconfigure-spi\1.46.0\opentelemetry-sdk-extension-autoconfigure-spi-1.46.0.jar;D:\Systemp\Maven\Repository\io\opentelemetry\opentelemetry-sdk-extension-autoconfigure\1.46.0\opentelemetry-sdk-extension-autoconfigure-1.46.0.jar;D:\Systemp\Maven\Repository\io\opentelemetry\opentelemetry-api-incubator\1.46.0-alpha\opentelemetry-api-incubator-1.46.0-alpha.jar;D:\Systemp\Maven\Repository\io\opentelemetry\opentelemetry-sdk-trace\1.46.0\opentelemetry-sdk-trace-1.46.0.jar;D:\Systemp\Maven\Repository\io\opentelemetry\opentelemetry-sdk\1.46.0\opentelemetry-sdk-1.46.0.jar;D:\Systemp\Maven\Repository\io\opentelemetry\opentelemetry-sdk-metrics\1.46.0\opentelemetry-sdk-metrics-1.46.0.jar;D:\Systemp\Maven\Repository\io\opentelemetry\opentelemetry-sdk-logs\1.46.0\opentelemetry-sdk-logs-1.46.0.jar;D:\Systemp\Maven\Repository\net\bytebuddy\byte-buddy\1.15.11\byte-buddy-1.15.11.jar;D:\Systemp\Maven\Repository\org\seleniumhq\selenium\selenium-http\4.28.1\selenium-http-4.28.1.jar;D:\Systemp\Maven\Repository\org\seleniumhq\selenium\selenium-os\4.28.1\selenium-os-4.28.1.jar;D:\Systemp\Maven\Repository\org\apache\commons\commons-exec\1.4.0\commons-exec-1.4.0.jar;D:\Systemp\Maven\Repository\org\seleniumhq\selenium\selenium-java\4.28.1\selenium-java-4.28.1.jar;D:\Systemp\Maven\Repository\org\seleniumhq\selenium\selenium-devtools-v131\4.28.1\selenium-devtools-v131-4.28.1.jar;D:\Systemp\Maven\Repository\org\seleniumhq\selenium\selenium-devtools-v132\4.28.1\selenium-devtools-v132-4.28.1.jar;D:\Systemp\Maven\Repository\org\seleniumhq\selenium\selenium-devtools-v85\4.28.1\selenium-devtools-v85-4.28.1.jar;D:\Systemp\Maven\Repository\org\seleniumhq\selenium\selenium-firefox-driver\4.28.1\selenium-firefox-driver-4.28.1.jar;D:\Systemp\Maven\Repository\org\seleniumhq\selenium\selenium-ie-driver\4.28.1\selenium-ie-driver-4.28.1.jar;D:\Systemp\Maven\Repository\org\seleniumhq\selenium\selenium-safari-driver\4.28.1\selenium-safari-driver-4.28.1.jar;D:\Systemp\Maven\Repository\org\seleniumhq\selenium\selenium-support\4.28.1\selenium-support-4.28.1.jar;D:\Systemp\Maven\Repository\org\seleniumhq\selenium\selenium-api\4.28.1\selenium-api-4.28.1.jar;D:\Systemp\Maven\Repository\org\jspecify\jspecify\1.0.0\jspecify-1.0.0.jar;D:\Systemp\Maven\Repository\org\seleniumhq\selenium\selenium-chrome-driver\4.28.1\selenium-chrome-driver-4.28.1.jar;D:\Systemp\Maven\Repository\org\seleniumhq\selenium\selenium-chromium-driver\4.28.1\selenium-chromium-driver-4.28.1.jar;D:\Systemp\Maven\Repository\org\seleniumhq\selenium\selenium-manager\4.28.1\selenium-manager-4.28.1.jar;D:\Systemp\Maven\Repository\org\seleniumhq\selenium\selenium-edge-driver\4.28.1\selenium-edge-driver-4.28.1.jar;D:\Systemp\Maven\Repository\org\junit\jupiter\junit-jupiter-engine\5.11.2\junit-jupiter-engine-5.11.2.jar;D:\Systemp\Maven\Repository\org\junit\platform\junit-platform-engine\1.11.2\junit-platform-engine-1.11.2.jar;D:\Systemp\Maven\Repository\org\opentest4j\opentest4j\1.3.0\opentest4j-1.3.0.jar;D:\Systemp\Maven\Repository\org\junit\platform\junit-platform-commons\1.11.2\junit-platform-commons-1.11.2.jar;D:\Systemp\Maven\Repository\org\junit\jupiter\junit-jupiter-api\5.11.2\junit-jupiter-api-5.11.2.jar;D:\Systemp\Maven\Repository\org\apiguardian\apiguardian-api\1.1.2\apiguardian-api-1.1.2.jar;D:\Systemp\Maven\Repository\commons-io\commons-io\2.18.0\commons-io-2.18.0.jar;"/>
    <property name="java.vm.vendor" value="Oracle Corporation"/>
    <property name="sun.arch.data.model" value="64"/>
    <property name="user.variant" value=""/>
    <property name="java.vendor.url" value="https://java.oracle.com/"/>
    <property name="user.timezone" value="Europe/London"/>
    <property name="os.name" value="Windows 10"/>
    <property name="java.vm.specification.version" value="21"/>
    <property name="sun.java.launcher" value="SUN_STANDARD"/>
    <property name="user.country" value="GB"/>
    <property name="sun.boot.library.path" value="D:\Program Files\Java\jdk-21\bin"/>
    <property name="sun.java.command" value="D:\Systemp\surefire7896687260241211230\surefirebooter-20250324091459562_3.jar D:\Systemp\surefire7896687260241211230 2025-03-24T09-14-59_080-jvmRun1 surefire-20250324091459562_1tmp surefire_0-20250324091459562_2tmp"/>
    <property name="jdk.debug" value="release"/>
    <property name="surefire.test.class.path" value="D:\Coding\SeleniumShowcase\target\test-classes;D:\Coding\SeleniumShowcase\target\classes;D:\Systemp\Maven\Repository\org\apache\maven\plugins\maven-failsafe-plugin\3.5.2\maven-failsafe-plugin-3.5.2.jar;D:\Systemp\Maven\Repository\org\apache\maven\surefire\surefire-api\3.5.2\surefire-api-3.5.2.jar;D:\Systemp\Maven\Repository\org\apache\maven\surefire\surefire-logger-api\3.5.2\surefire-logger-api-3.5.2.jar;D:\Systemp\Maven\Repository\org\apache\maven\surefire\surefire-booter\3.5.2\surefire-booter-3.5.2.jar;D:\Systemp\Maven\Repository\org\apache\maven\surefire\surefire-extensions-spi\3.5.2\surefire-extensions-spi-3.5.2.jar;D:\Systemp\Maven\Repository\org\apache\maven\surefire\surefire-extensions-api\3.5.2\surefire-extensions-api-3.5.2.jar;D:\Systemp\Maven\Repository\org\apache\maven\surefire\surefire-shared-utils\3.5.2\surefire-shared-utils-3.5.2.jar;D:\Systemp\Maven\Repository\org\apache\maven\surefire\maven-surefire-common\3.5.2\maven-surefire-common-3.5.2.jar;D:\Systemp\Maven\Repository\org\apache\maven\resolver\maven-resolver-util\1.4.1\maven-resolver-util-1.4.1.jar;D:\Systemp\Maven\Repository\org\apache\maven\resolver\maven-resolver-api\1.4.1\maven-resolver-api-1.4.1.jar;D:\Systemp\Maven\Repository\org\apache\maven\shared\maven-common-artifact-filters\3.4.0\maven-common-artifact-filters-3.4.0.jar;D:\Systemp\Maven\Repository\org\slf4j\slf4j-api\1.7.36\slf4j-api-1.7.36.jar;D:\Systemp\Maven\Repository\org\codehaus\plexus\plexus-java\1.3.0\plexus-java-1.3.0.jar;D:\Systemp\Maven\Repository\org\ow2\asm\asm\9.7\asm-9.7.jar;D:\Systemp\Maven\Repository\com\thoughtworks\qdox\qdox\2.1.0\qdox-2.1.0.jar;D:\Systemp\Maven\Repository\org\seleniumhq\selenium\selenium-devtools-v130\4.28.1\selenium-devtools-v130-4.28.1.jar;D:\Systemp\Maven\Repository\com\google\auto\service\auto-service-annotations\1.1.1\auto-service-annotations-1.1.1.jar;D:\Systemp\Maven\Repository\org\seleniumhq\selenium\selenium-json\4.28.1\selenium-json-4.28.1.jar;D:\Systemp\Maven\Repository\org\seleniumhq\selenium\selenium-remote-driver\4.28.1\selenium-remote-driver-4.28.1.jar;D:\Systemp\Maven\Repository\com\google\guava\guava\33.4.0-jre\guava-33.4.0-jre.jar;D:\Systemp\Maven\Repository\com\google\guava\failureaccess\1.0.2\failureaccess-1.0.2.jar;D:\Systemp\Maven\Repository\com\google\guava\listenablefuture\9999.0-empty-to-avoid-conflict-with-guava\listenablefuture-9999.0-empty-to-avoid-conflict-with-guava.jar;D:\Systemp\Maven\Repository\com\google\code\findbugs\jsr305\3.0.2\jsr305-3.0.2.jar;D:\Systemp\Maven\Repository\org\checkerframework\checker-qual\3.43.0\checker-qual-3.43.0.jar;D:\Systemp\Maven\Repository\com\google\errorprone\error_prone_annotations\2.36.0\error_prone_annotations-2.36.0.jar;D:\Systemp\Maven\Repository\com\google\j2objc\j2objc-annotations\3.0.0\j2objc-annotations-3.0.0.jar;D:\Systemp\Maven\Repository\io\opentelemetry\semconv\opentelemetry-semconv\1.28.0-alpha\opentelemetry-semconv-1.28.0-alpha.jar;D:\Systemp\Maven\Repository\io\opentelemetry\opentelemetry-api\1.46.0\opentelemetry-api-1.46.0.jar;D:\Systemp\Maven\Repository\io\opentelemetry\opentelemetry-context\1.46.0\opentelemetry-context-1.46.0.jar;D:\Systemp\Maven\Repository\io\opentelemetry\opentelemetry-exporter-logging\1.46.0\opentelemetry-exporter-logging-1.46.0.jar;D:\Systemp\Maven\Repository\io\opentelemetry\opentelemetry-sdk-common\1.46.0\opentelemetry-sdk-common-1.46.0.jar;D:\Systemp\Maven\Repository\io\opentelemetry\opentelemetry-sdk-extension-autoconfigure-spi\1.46.0\opentelemetry-sdk-extension-autoconfigure-spi-1.46.0.jar;D:\Systemp\Maven\Repository\io\opentelemetry\opentelemetry-sdk-extension-autoconfigure\1.46.0\opentelemetry-sdk-extension-autoconfigure-1.46.0.jar;D:\Systemp\Maven\Repository\io\opentelemetry\opentelemetry-api-incubator\1.46.0-alpha\opentelemetry-api-incubator-1.46.0-alpha.jar;D:\Systemp\Maven\Repository\io\opentelemetry\opentelemetry-sdk-trace\1.46.0\opentelemetry-sdk-trace-1.46.0.jar;D:\Systemp\Maven\Repository\io\opentelemetry\opentelemetry-sdk\1.46.0\opentelemetry-sdk-1.46.0.jar;D:\Systemp\Maven\Repository\io\opentelemetry\opentelemetry-sdk-metrics\1.46.0\opentelemetry-sdk-metrics-1.46.0.jar;D:\Systemp\Maven\Repository\io\opentelemetry\opentelemetry-sdk-logs\1.46.0\opentelemetry-sdk-logs-1.46.0.jar;D:\Systemp\Maven\Repository\net\bytebuddy\byte-buddy\1.15.11\byte-buddy-1.15.11.jar;D:\Systemp\Maven\Repository\org\seleniumhq\selenium\selenium-http\4.28.1\selenium-http-4.28.1.jar;D:\Systemp\Maven\Repository\org\seleniumhq\selenium\selenium-os\4.28.1\selenium-os-4.28.1.jar;D:\Systemp\Maven\Repository\org\apache\commons\commons-exec\1.4.0\commons-exec-1.4.0.jar;D:\Systemp\Maven\Repository\org\seleniumhq\selenium\selenium-java\4.28.1\selenium-java-4.28.1.jar;D:\Systemp\Maven\Repository\org\seleniumhq\selenium\selenium-devtools-v131\4.28.1\selenium-devtools-v131-4.28.1.jar;D:\Systemp\Maven\Repository\org\seleniumhq\selenium\selenium-devtools-v132\4.28.1\selenium-devtools-v132-4.28.1.jar;D:\Systemp\Maven\Repository\org\seleniumhq\selenium\selenium-devtools-v85\4.28.1\selenium-devtools-v85-4.28.1.jar;D:\Systemp\Maven\Repository\org\seleniumhq\selenium\selenium-firefox-driver\4.28.1\selenium-firefox-driver-4.28.1.jar;D:\Systemp\Maven\Repository\org\seleniumhq\selenium\selenium-ie-driver\4.28.1\selenium-ie-driver-4.28.1.jar;D:\Systemp\Maven\Repository\org\seleniumhq\selenium\selenium-safari-driver\4.28.1\selenium-safari-driver-4.28.1.jar;D:\Systemp\Maven\Repository\org\seleniumhq\selenium\selenium-support\4.28.1\selenium-support-4.28.1.jar;D:\Systemp\Maven\Repository\org\seleniumhq\selenium\selenium-api\4.28.1\selenium-api-4.28.1.jar;D:\Systemp\Maven\Repository\org\jspecify\jspecify\1.0.0\jspecify-1.0.0.jar;D:\Systemp\Maven\Repository\org\seleniumhq\selenium\selenium-chrome-driver\4.28.1\selenium-chrome-driver-4.28.1.jar;D:\Systemp\Maven\Repository\org\seleniumhq\selenium\selenium-chromium-driver\4.28.1\selenium-chromium-driver-4.28.1.jar;D:\Systemp\Maven\Repository\org\seleniumhq\selenium\selenium-manager\4.28.1\selenium-manager-4.28.1.jar;D:\Systemp\Maven\Repository\org\seleniumhq\selenium\selenium-edge-driver\4.28.1\selenium-edge-driver-4.28.1.jar;D:\Systemp\Maven\Repository\org\junit\jupiter\junit-jupiter-engine\5.11.2\junit-jupiter-engine-5.11.2.jar;D:\Systemp\Maven\Repository\org\junit\platform\junit-platform-engine\1.11.2\junit-platform-engine-1.11.2.jar;D:\Systemp\Maven\Repository\org\opentest4j\opentest4j\1.3.0\opentest4j-1.3.0.jar;D:\Systemp\Maven\Repository\org\junit\platform\junit-platform-commons\1.11.2\junit-platform-commons-1.11.2.jar;D:\Systemp\Maven\Repository\org\junit\jupiter\junit-jupiter-api\5.11.2\junit-jupiter-api-5.11.2.jar;D:\Systemp\Maven\Repository\org\apiguardian\apiguardian-api\1.1.2\apiguardian-api-1.1.2.jar;D:\Systemp\Maven\Repository\commons-io\commons-io\2.18.0\commons-io-2.18.0.jar;"/>
    <property name="sun.cpu.endian" value="little"/>
    <property name="user.home" value="C:\Users\User"/>
    <property name="user.language" value="en"/>
    <property name="java.specification.vendor" value="Oracle Corporation"/>
    <property name="java.version.date" value="2025-01-21"/>
    <property name="java.home" value="D:\Program Files\Java\jdk-21"/>
    <property name="file.separator" value="\"/>
    <property name="basedir" value="D:\Coding\SeleniumShowcase"/>
    <property name="java.vm.compressedOopsMode" value="Zero based"/>
    <property name="line.separator" value="&#10;"/>
    <property name="java.vm.specification.vendor" value="Oracle Corporation"/>
    <property name="java.specification.name" value="Java Platform API Specification"/>
    <property name="surefire.real.class.path" value="D:\Systemp\surefire7896687260241211230\surefirebooter-20250324091459562_3.jar"/>
    <property name="user.script" value=""/>
    <property name="sun.management.compiler" value="HotSpot 64-Bit Tiered Compilers"/>
    <property name="java.runtime.version" value="21.0.6+8-LTS-188"/>
    <property name="user.name" value="User"/>
    <property name="stdout.encoding" value="Cp1252"/>
    <property name="path.separator" value=";"/>
    <property name="os.version" value="10.0"/>
    <property name="java.runtime.name" value="Java(TM) SE Runtime Environment"/>
    <property name="file.encoding" value="UTF-8"/>
    <property name="java.vm.name" value="Java HotSpot(TM) 64-Bit Server VM"/>
    <property name="localRepository" value="D:\Systemp\Maven\Repository"/>
    <property name="java.vendor.url.bug" value="https://bugreport.java.com/bugreport/"/>
    <property name="java.io.tmpdir" value="D:\Systemp\"/>
    <property name="java.version" value="21.0.6"/>
    <property name="user.dir" value="D:\Coding\SeleniumShowcase"/>
    <property name="os.arch" value="amd64"/>
    <property name="java.vm.specification.name" value="Java Virtual Machine Specification"/>
    <property name="sun.os.patch.level" value=""/>
    <property name="native.encoding" value="Cp1252"/>
    <property name="java.library.path" value="D:\Program Files\Java\jdk-21\bin;C:\WINDOWS\Sun\Java\bin;C:\WINDOWS\system32;C:\WINDOWS;C:\Python313\Scripts\;C:\Python313\;C:\Program Files\Common Files\Oracle\Java\javapath;C:\Program Files (x86)\Intel\Intel(R) Management Engine Components\iCLS\;C:\Program Files\Intel\Intel(R) Management Engine Components\iCLS\;C:\WINDOWS\system32;C:\WINDOWS;C:\WINDOWS\System32\Wbem;C:\WINDOWS\System32\WindowsPowerShell\v1.0\;C:\Program Files (x86)\GtkSharp\2.12\bin;C:\WINDOWS\System32\OpenSSH\;C:\Program Files (x86)\Intel\Intel(R) Management Engine Components\DAL;C:\Program Files\Intel\Intel(R) Management Engine Components\DAL;C:\Program Files (x86)\Intel\Intel(R) Management Engine Components\IPT;C:\Program Files\Intel\Intel(R) Management Engine Components\IPT;C:\Program Files\dotnet\;C:\Program Files\Calibre2\;C:\Users\User\AppData\Local\Packages\PythonSoftwareFoundation.Python.3.12_qbz5n2kfra8p0;D:\Program Files\bin;d:\Program Files\Git\cmd;D:\Program Files\nodejs\;C:\ProgramData\chocolatey\bin;C:\Users\User\AppData\Roaming\Python\Python313\Scripts;D:\Coding\Selenium\chrome-win64;D:\Coding\Selenium\edgedriver;D:\Program Files\ApacheMaven\apache-maven-3.9.7\bin;C:\Users\User\AppData\Local\Programs\Python\Launcher\;C:\Users\User\AppData\Local\Microsoft\WindowsApps;C:\Users\User\AppData\Local\Amazon\Kindle Previewer 3\lib\fc\bin;d:\Users\User\AppData\Local\Programs\Microsoft VS Code\bin;C:\Users\User\AppData\Local\Packages\PythonSoftwareFoundation.Python.3.12_qbz5n2kfra8p0;C:\Users\User\AppData\Local\Packages\PythonSoftwareFoundation.Python.3.12_qbz5n2kfra8p0\LocalCache\local-packages\Python312\Scripts;C:\Users\User\go\bin;C:\Users\User\AppData\Roaming\npm;C:\Users\User\AppData\Roaming\Python\Python313\Scripts;D:\Program Files\JetBrains\IntelliJ IDEA Community Edition 2024.3.3\bin;;D:\Program Files\ApacheMaven\apache-maven-3.9.7\bin;c:\Users\User\.vscode\extensions\ms-python.debugpy-2025.0.1-win32-x64\bundled\scripts\noConfigScripts;c:\Users\User\AppData\Roaming\Code\User\globalStorage\github.copilot-chat\debugCommand;."/>
    <property name="java.vm.info" value="mixed mode, sharing"/>
    <property name="stderr.encoding" value="Cp1252"/>
    <property name="java.vendor" value="Oracle Corporation"/>
    <property name="java.vm.version" value="21.0.6+8-LTS-188"/>
    <property name="sun.io.unicode.encoding" value="UnicodeLittle"/>
    <property name="java.class.version" value="65.0"/>
  </properties>
  <testcase name="testTimeDogzBanner" classname="com.humanlegion.pagetests.TestHomePage" time="5.909">
    <system-err><![CDATA[Mar 24, 2025 9:16:05 AM org.openqa.selenium.devtools.CdpVersionFinder findNearestMatch
WARNING: Unable to find an exact match for CDP version 133, returning the closest version; found: 132; Please update to a Selenium version that supports CDP version 133
]]></system-err>
  </testcase>
  <testcase name="testHomePageFooter" classname="com.humanlegion.pagetests.TestHomePage" time="3.997"/>
  <testcase name="testChimeraCompanyBanner" classname="com.humanlegion.pagetests.TestHomePage" time="1.362"/>
  <testcase name="testSleepingLegionBanner" classname="com.humanlegion.pagetests.TestHomePage" time="1.356"/>
  <testcase name="testRevengeSquadBanner" classname="com.humanlegion.pagetests.TestHomePage" time="1.613"/>
  <testcase name="testAnthologiesBanner" classname="com.humanlegion.pagetests.TestHomePage" time="1.675"/>
  <testcase name="testHumanLegionBanner" classname="com.humanlegion.pagetests.TestHomePage" time="1.757"/>
  <testcase name="test4HUBanner" classname="com.humanlegion.pagetests.TestHomePage" time="1.948"/>
</testsuite>